SPPARKS (18 May 2017)
Created box = (0 0 0) to (91 91 1)
  1 by 1 by 1 processor grid
Creating sites ...
  8281 sites
  8281 sites have 6 neighbors
Reading site file ...
  182182 values
Setting site values ...
  8281 settings made for i2
Setting up run ...
Running with 32-bit site IDs
Memory usage per processor = 6.25 Mbytes
      Time    Naccept    Nreject    Nsweeps        CPU   Propnsty    sum(i1)    sum(i2)    sum(i3)    sum(i4)    sum(i5)    sum(i6)    sum(i7)    sum(i8)    sum(i9)   sum(i10)   sum(i11)   sum(i12)   sum(i13)   sum(i14)   sum(i15)   sum(i16)   sum(i17)   sum(i18)   sum(i19)   sum(i20)   sum(i21)   sum(i22)   sum(i23)   sum(i24)   sum(i25)   sum(i26)   sum(i27)   sum(i28)   sum(i29)   sum(i30)   sum(i31)   sum(i32)   sum(i33)   sum(i34)   sum(i35)
         0          0          0          0          0 1.36237e+06         20       8281     380926     380926          0         53          0          0      32064      18351          0          0          0          0          0        581       1068       4213      11686          0          0      49871          0          0          0          0          0          0          0          0          0          0          0          0          0
   1.00069     990062          0        125       31.6     960817         18       8281     380926     380926          0         51          0          0      30804      18349          0          1          0          1          0        581       1068       1976       9449         24        475      49392        479       1259          0          0          0          0          0          0          0          0          0          0          0
   2.00173    1938454          0        244       61.2     934431         17       8281     380926     380926          0         50          0          1      30707      18349          0          0          0          2          0        581       1068       1354       8827         17        569      48953        918       1355          0          0          0          0          0          0          0          0          0          0          0
   3.00447    2868188          0        361       90.2     917582         16       8281     380926     380926          0         49          0          1      30610      18349          0          0          1          2          0        581       1068        973       8446         30        619      48731       1140       1451          0          0          0          0          0          0          0          0          0          0          0
   4.00502    3784609          0        477        119     911393         16       8281     380926     380926          0         49          0          1      30581      18350          0          0          2          1          0        581       1068        767       8240         36        633      48574       1297       1480          0          0          0          0          0          0          0          0          0          0          0
   5.00241    4690661          0        592        147     907139         15       8281     380926     380926          0         48          0          0      30490      18348          0          0          2          3          0        581       1068        623       8096         33        646      48529       1342       1569          0          0          0          0          0          0          0          0          0          0          0
         6    5588843          0        707        174     899903         14       8281     380926     380926          0         47          0          1      30451      18347          0          0          1          4          0        581       1068        524       7997         34        655      48479       1392       1608          0          0          0          0          0          0          0          0          0          0          0
Loop time of 174.435 on 1 procs

Solve time (%) = 1.30783 (0.749754)
Update time (%) = 0 (0)
Comm  time (%) = 3.71241 (2.12826)
Outpt time (%) = 0.474779 (0.272182)
App   time (%) = 168.72 (96.7242)
Other time (%) = 0.219153 (0.125636)
Job Statistics for 6695580:
           JobID       User               Start                 End    Elapsed   TotalCPU      State        NodeList 
---------------- ---------- ------------------- ------------------- ---------- ---------- ---------- --------------- 
         6695580     sxa126 2025-03-17T15:09:17 2025-03-17T15:12:14   00:02:57  02:55.133  COMPLETED   r1pl-hpcf-n22 
   6695580.batch            2025-03-17T15:09:17 2025-03-17T15:12:14   00:02:57  02:55.131  COMPLETED   r1pl-hpcf-n22 
  6695580.extern            2025-03-17T15:09:17 2025-03-17T15:12:14   00:02:57  00:00.002  COMPLETED   r1pl-hpcf-n22 
Requested Resources: billing=1,cpu=1,mem=7455M,node=1
Maximum CPU Memory: 144.29M; 	CPU Efficiency: 98.87% of 00:02:57 core-walltime
