SPPARKS (18 May 2017)
Created box = (0 0 0) to (91 91 1)
  1 by 1 by 1 processor grid
Creating sites ...
  8281 sites
  8281 sites have 6 neighbors
Reading site file ...
  182182 values
Setting site values ...
  8281 settings made for i2
Setting up run ...
Running with 32-bit site IDs
Memory usage per processor = 6.25 Mbytes
      Time    Naccept    Nreject    Nsweeps        CPU   Propnsty    sum(i1)    sum(i2)    sum(i3)    sum(i4)    sum(i5)    sum(i6)    sum(i7)    sum(i8)    sum(i9)   sum(i10)   sum(i11)   sum(i12)   sum(i13)   sum(i14)   sum(i15)   sum(i16)   sum(i17)   sum(i18)   sum(i19)   sum(i20)   sum(i21)   sum(i22)   sum(i23)   sum(i24)   sum(i25)   sum(i26)   sum(i27)   sum(i28)   sum(i29)   sum(i30)   sum(i31)   sum(i32)   sum(i33)   sum(i34)   sum(i35)
         0          0          0          0          0 1.50635e+06         20       8281     380926     380926          0         53          0          0      32064      18351          0          0          0          0          0       8281       8281       4213      11686          0          0      49871          0          0          0          0          0          0          0          0          0          0          0          0          0
   1.00743     978191          0        122       33.5     966941         19       8281     380926     380926          0         52          0          0      30065      18351          0          0          1          0          0       8281       8281         92       7565         37        906      48691       1180       1998          0          0          0          0          0          0          0          0          0          0          0
   2.00187    1941293          0        241       66.3     969598         18       8281     380926     380926          0         51          0          1      30255      18350          0          0          0          1          0       8281       8281         86       7559         41        817      48410       1461       1808          0          0          0          0          0          0          0          0          0          0          0
   3.00296    2913310          0        361       99.5     970507         17       8281     380926     380926          0         50          0          1      30299      18350          0          0          1          1          0       8281       8281         82       7555         37        786      48326       1545       1763          0          0          0          0          0          0          0          0          0          0          0
   4.00658    3888705          0        481        133     969945         16       8281     380926     380926          0         49          0          1      30306      18350          0          0          2          1          0       8281       8281         82       7555         38        777      48310       1561       1755          0          0          0          0          0          0          0          0          0          0          0
    5.0041    4857760          0        600        166     973743         17       8281     380926     380926          0         50          0          1      30323      18350          0          0          1          1          0       8281       8281         83       7556         50        711      48241       1630       1739          0          0          0          0          0          0          0          0          0          0          0
         6    5825027          0        719        199     971989         15       8281     380926     380926          0         48          0          3      30337      18350          0          0          1          1          0       8281       8281         87       7560         36        743      48249       1622       1725          0          0          0          0          0          0          0          0          0          0          0
Loop time of 198.94 on 1 procs

Solve time (%) = 1.3811 (0.694231)
Update time (%) = 0 (0)
Comm  time (%) = 4.23175 (2.12715)
Outpt time (%) = 0.524275 (0.263534)
App   time (%) = 192.575 (96.8003)
Other time (%) = 0.228294 (0.114755)
Job Statistics for 6695610:
           JobID       User               Start                 End    Elapsed   TotalCPU      State        NodeList 
---------------- ---------- ------------------- ------------------- ---------- ---------- ---------- --------------- 
         6695610     sxa126 2025-03-17T15:29:23 2025-03-17T15:32:44   00:03:21  03:19.575  COMPLETED   r1pl-hpcf-n22 
   6695610.batch            2025-03-17T15:29:23 2025-03-17T15:32:44   00:03:21  03:19.573  COMPLETED   r1pl-hpcf-n22 
  6695610.extern            2025-03-17T15:29:23 2025-03-17T15:32:44   00:03:21  00:00.002  COMPLETED   r1pl-hpcf-n22 
Requested Resources: billing=1,cpu=1,mem=7455M,node=1
Maximum CPU Memory: 144.21M; 	CPU Efficiency: 99.50% of 00:03:21 core-walltime
