SPPARKS (18 May 2017)
Created box = (0 0 0) to (91 91 1)
  1 by 1 by 1 processor grid
Creating sites ...
  8281 sites
  8281 sites have 6 neighbors
Reading site file ...
  182182 values
Setting site values ...
  8281 settings made for i2
Setting up run ...
Running with 32-bit site IDs
Memory usage per processor = 8 Mbytes
      Time    Naccept    Nreject    Nsweeps        CPU   Propnsty    sum(i1)    sum(i2)    sum(i3)    sum(i4)    sum(i5)    sum(i6)    sum(i7)    sum(i8)    sum(i9)   sum(i10)   sum(i11)   sum(i12)   sum(i13)   sum(i14)   sum(i15)   sum(i16)   sum(i17)   sum(i18)   sum(i19)   sum(i20)   sum(i21)   sum(i22)   sum(i23)   sum(i24)   sum(i25)   sum(i26)   sum(i27)   sum(i28)   sum(i29)   sum(i30)   sum(i31)   sum(i32)   sum(i33)   sum(i34)   sum(i35)   sum(i36)   sum(i37)   sum(i38)   sum(i39)   sum(i40)   sum(i41)   sum(i42)   sum(i43)   sum(i44)   sum(i45)   sum(i46)   sum(i47)   sum(i48)   sum(i49)   sum(i50)
         0          0          0          0          0 1.50635e+06         20       8281     380926     380926          0         53          0          0      32064      18351          0          0          0          0          0       8281       8281       4213      11686          0          0      49871          0          0          0          0          0          0          0          0          0          0          0          0          0          0          0          0          0          0          0          0          0          0          0          0          0          0          0          0
    1.0037     951287          0        119       60.3     931194         20       8281     380926     380926          0         53          0          0      30010      18351          0          0          0          0          0       8281       8281         81       6302         20        886      47933       1563       1663          0          0          0          0          0          0          0          0          0          0          0          0          0          0          0          0          0        375        391        486          0          0          0          0          0          0
   2.00563    1882974          0        235        119     927493         19       8281     380926     380926          0         52          0          1      30598      18351          0          0          0          0          0       8281       8281         70       5640         21        643      46434       2303       1176          0          0          0          0          0          0          0          0          0          0          0          0          0          0          0          0          0       1134        290        479          0          0          0          0          0          0
   3.00004    2800663          0        349        177     919362         19       8281     380926     380926          0         52          0          0      30898      18350          0          0          0          1          0       8281       8281         59       5068         20        516      45302       2692        926          0          0          0          0          0          0          0          0          0          0          0          0          0          0          0          0          0       1877        239        348          0          0          0          0          0          0
   4.00447    3718903          0        463        234     906274         19       8281     380926     380926          0         52          0          0      31074      18350          0          0          0          1          0       8281       8281         68       4487         12        424      44387       2907        802          0          0          0          0          0          0          0          0          0          0          0          0          0          0          0          0          0       2577        187        290          0          0          0          0          0          0
   5.00831    4623247          0        575        290     894065         15       8281     380926     380926          0         48          0          2      31178      18350          0          0          2          1          0       8281       8281         67       3906         14        376      43626       3024        732          0          0          0          0          0          0          0          0          0          0          0          0          0          0          0          0          0       3221        151        262          0          0          0          0          0          0
         6    5505109          0        684        345     883904         14       8281     380926     380926          0         47          0          1      31281      18347          0          1          1          3          0       8281       8281         65       3406         16        350      42964       3139        643          0          0          0          0          0          0          0          0          0          0          0          0          0          0          0          0          0       3768        136        228          0          0          0          0          0          0
Loop time of 344.911 on 1 procs

Solve time (%) = 1.31161 (0.380276)
Update time (%) = 0 (0)
Comm  time (%) = 7.41489 (2.1498)
Outpt time (%) = 0.789734 (0.228968)
App   time (%) = 335.178 (97.1783)
Other time (%) = 0.216032 (0.0626341)
Job Statistics for 6695967:
           JobID       User               Start                 End    Elapsed   TotalCPU      State        NodeList 
---------------- ---------- ------------------- ------------------- ---------- ---------- ---------- --------------- 
         6695967     sxa126 2025-03-17T18:28:42 2025-03-17T18:34:29   00:05:47  05:45.155  COMPLETED   r1pl-hpcf-n21 
   6695967.batch            2025-03-17T18:28:42 2025-03-17T18:34:29   00:05:47  05:45.153  COMPLETED   r1pl-hpcf-n21 
  6695967.extern            2025-03-17T18:28:42 2025-03-17T18:34:29   00:05:47  00:00.002  COMPLETED   r1pl-hpcf-n21 
Requested Resources: billing=1,cpu=1,mem=7455M,node=1
Maximum CPU Memory: 145.73M; 	CPU Efficiency: 99.42% of 00:05:47 core-walltime
