SPPARKS (18 May 2017)
Created box = (0 0 0) to (91 91 1)
  1 by 1 by 1 processor grid
Creating sites ...
  8281 sites
  8281 sites have 6 neighbors
Reading site file ...
  182182 values
Setting site values ...
  8281 settings made for i2
Setting up run ...
Running with 32-bit site IDs
Memory usage per processor = 8 Mbytes
      Time    Naccept    Nreject    Nsweeps        CPU   Propnsty    sum(i1)    sum(i2)    sum(i3)    sum(i4)    sum(i5)    sum(i6)    sum(i7)    sum(i8)    sum(i9)   sum(i10)   sum(i11)   sum(i12)   sum(i13)   sum(i14)   sum(i15)   sum(i16)   sum(i17)   sum(i18)   sum(i19)   sum(i20)   sum(i21)   sum(i22)   sum(i23)   sum(i24)   sum(i25)   sum(i26)   sum(i27)   sum(i28)   sum(i29)   sum(i30)   sum(i31)   sum(i32)   sum(i33)   sum(i34)   sum(i35)   sum(i36)   sum(i37)   sum(i38)   sum(i39)   sum(i40)   sum(i41)   sum(i42)   sum(i43)   sum(i44)   sum(i45)   sum(i46)   sum(i47)   sum(i48)   sum(i49)   sum(i50)
         0          0          0          0          0 2.10694e+06         20       8281     380926     380926          0         53          0          0      32064      18351          0          0          0          0          0        581       1068      11686      11686          0          0      49871          0          0          0          0          0          0          0          0          0          0          0          0          0          0          0          0          0          0          0          0          0          0          0          0          0          0          0          0
   1.00107    1033442          0        132       69.7     955486         20       8281     380926     380926          0         53          0          0      28750      18351          0          0          0          0          0        581       1068       5845       4434         59       1434      47986       1618       2730          0          0          0          0          0          0          0          0          0          0          0          0          0          0          0          0          0        267        584        560          0          0          0          0          0          0
   2.00672    1973527          0        252        132     916093         20       8281     380926     380926          0         53          0          0      29410      18351          0          0          0          0          0        581       1068       4486       2556         42       1390      45369       3562       2206          0          0          0          0          0          0          0          0          0          0          0          0          0          0          0          0          0        940        448        542          0          0          0          0          0          0
   3.00787    2881932          0        367        191     907095         19       8281     380926     380926          0         52          0          0      30116      18350          0          0          0          1          0        581       1068       3816       1708         31       1031      43349       5203       1605          0          0          0          0          0          0          0          0          0          0          0          0          0          0          0          0          0       1319        342        447          0          0          0          0          0          0
   4.00515    3778355          0        480        249     895522         19       8281     380926     380926          0         52          0          0      30629      18350          1          0          0          0          0        581       1068       3376       1199         15        697      41851       6406       1192          0          0          0          0          0          0          0          0          0          0          0          0          0          0          0          0          0       1614        243        320          0          0          0          0          0          0
   5.00533    4670974          0        592        307     890268         18       8281     380926     380926          0         51          0          0      31082      18350          0          0          1          1          0        581       1068       3038        821         10        587      40829       7245        806          0          0          0          0          0          0          0          0          0          0          0          0          0          0          0          0          0       1797        174        246          0          0          0          0          0          0
         6    5556197          0        704        364     883976         18       8281     380926     380926          0         51          0          0      31348      18350          0          0          1          1          0        581       1068       2812        595         11        391      40071       7885        587          0          0          0          0          0          0          0          0          0          0          0          0          0          0          0          0          0       1915        127        175          0          0          0          0          0          0
Loop time of 363.863 on 1 procs

Solve time (%) = 1.317 (0.361949)
Update time (%) = 0 (0)
Comm  time (%) = 7.97305 (2.19122)
Outpt time (%) = 0.80112 (0.220171)
App   time (%) = 353.553 (97.1665)
Other time (%) = 0.219064 (0.060205)
Job Statistics for 6695785:
           JobID       User               Start                 End    Elapsed   TotalCPU      State        NodeList 
---------------- ---------- ------------------- ------------------- ---------- ---------- ---------- --------------- 
         6695785     sxa126 2025-03-17T15:58:50 2025-03-17T16:04:56   00:06:06  06:04.040  COMPLETED   r1pl-hpcf-n22 
   6695785.batch            2025-03-17T15:58:50 2025-03-17T16:04:56   00:06:06  06:04.037  COMPLETED   r1pl-hpcf-n22 
  6695785.extern            2025-03-17T15:58:50 2025-03-17T16:04:56   00:06:06  00:00.002  COMPLETED   r1pl-hpcf-n22 
Requested Resources: billing=1,cpu=1,mem=7455M,node=1
Maximum CPU Memory: 146.82M; 	CPU Efficiency: 99.45% of 00:06:06 core-walltime
