SPPARKS (18 May 2017)
Created box = (0 0 0) to (91 91 1)
  1 by 1 by 1 processor grid
Creating sites ...
  8281 sites
  8281 sites have 6 neighbors
Reading site file ...
  182182 values
Setting site values ...
  8281 settings made for i2
Setting up run ...
Running with 32-bit site IDs
Memory usage per processor = 8 Mbytes
      Time    Naccept    Nreject    Nsweeps        CPU   Propnsty    sum(i1)    sum(i2)    sum(i3)    sum(i4)    sum(i5)    sum(i6)    sum(i7)    sum(i8)    sum(i9)   sum(i10)   sum(i11)   sum(i12)   sum(i13)   sum(i14)   sum(i15)   sum(i16)   sum(i17)   sum(i18)   sum(i19)   sum(i20)   sum(i21)   sum(i22)   sum(i23)   sum(i24)   sum(i25)   sum(i26)   sum(i27)   sum(i28)   sum(i29)   sum(i30)   sum(i31)   sum(i32)   sum(i33)   sum(i34)   sum(i35)   sum(i36)   sum(i37)   sum(i38)   sum(i39)   sum(i40)   sum(i41)   sum(i42)   sum(i43)   sum(i44)   sum(i45)   sum(i46)   sum(i47)   sum(i48)   sum(i49)   sum(i50)
         0          0          0          0          0 2.0934e+06         20       8281     380926     380926          0         53          0          0      32064      18351          0          0          0          0          0        824        613      11686      11686          0          0      49871          0          0          0          0          0          0          0          0          0          0          0          0          0          0          0          0          0          0          0          0          0          0          0          0          0          0          0          0
   1.00106    1077871          0        136       69.5     997715         19       8281     380926     380926          0         52          0          1      29126      18351          0          0          0          0          0        824        613       6880       5459         61       1237      48443       1142       2366          0          0          0          0          0          0          0          0          0          0          0          0          0          0          0          0          0        286        572        563          0          0          0          0          0          0
    2.0069    2052935          0        260        132     946175         19       8281     380926     380926          0         52          0          0      29396      18350          0          0          0          1          0        824        613       5357       3290         49       1301      46132       2800       2179          0          0          0          0          0          0          0          0          0          0          0          0          0          0          0          0          0        939        488        640          0          0          0          0          0          0
   3.00261    2980128          0        378        190     926681         17       8281     380926     380926          0         50          0          1      29934      18350          0          1          1          0          0        824        613       4512       2142         40       1136      44130       4271       1727          0          0          0          0          0          0          0          0          0          0          0          0          0          0          0          0          0       1470        402        498          0          0          0          0          0          0
   4.00175    3892925          0        494        247     910637         17       8281     380926     380926          0         50          0          0      30391      18349          0          1          1          1          0        824        613       4012       1481         24        805      42559       5483       1362          0          0          0          0          0          0          0          0          0          0          0          0          0          0          0          0          0       1829        309        393          0          0          0          0          0          0
     5.003    4800151          0        608        303     903823         17       8281     380926     380926          0         50          0          1      30881      18349          0          0          0          2          0        824        613       3642       1067         12        649      41340       6434        949          0          0          0          0          0          0          0          0          0          0          0          0          0          0          0          0          0       2097        232        246          0          0          0          0          0          0
         6    5700436          0        721        358     900916         16       8281     380926     380926          0         49          0          0      31195      18348          0          0          1          3          0        824        613       3382        759         12        437      40469       7150        705          0          0          0          0          0          0          0          0          0          0          0          0          0          0          0          0          0       2252        160        211          0          0          0          0          0          0
Loop time of 358.039 on 1 procs

Solve time (%) = 1.30196 (0.363636)
Update time (%) = 0 (0)
Comm  time (%) = 7.81524 (2.18279)
Outpt time (%) = 0.789795 (0.220589)
App   time (%) = 347.908 (97.1706)
Other time (%) = 0.223517 (0.0624283)
Job Statistics for 6695935:
           JobID       User               Start                 End    Elapsed   TotalCPU      State        NodeList 
---------------- ---------- ------------------- ------------------- ---------- ---------- ---------- --------------- 
         6695935     sxa126 2025-03-17T17:50:56 2025-03-17T17:56:56   00:06:00  05:58.117  COMPLETED   r1pl-hpcf-n21 
   6695935.batch            2025-03-17T17:50:56 2025-03-17T17:56:56   00:06:00  05:58.115  COMPLETED   r1pl-hpcf-n21 
  6695935.extern            2025-03-17T17:50:56 2025-03-17T17:56:56   00:06:00  00:00.002  COMPLETED   r1pl-hpcf-n21 
Requested Resources: billing=1,cpu=1,mem=7455M,node=1
Maximum CPU Memory: 158.15M; 	CPU Efficiency: 99.44% of 00:06:00 core-walltime
