SPPARKS (18 May 2017)
Created box = (0 0 0) to (91 91 1)
  1 by 1 by 1 processor grid
Creating sites ...
  8281 sites
  8281 sites have 6 neighbors
Reading site file ...
  182182 values
Setting site values ...
  8281 settings made for i2
Setting up run ...
Running with 32-bit site IDs
Memory usage per processor = 8 Mbytes
      Time    Naccept    Nreject    Nsweeps        CPU   Propnsty    sum(i1)    sum(i2)    sum(i3)    sum(i4)    sum(i5)    sum(i6)    sum(i7)    sum(i8)    sum(i9)   sum(i10)   sum(i11)   sum(i12)   sum(i13)   sum(i14)   sum(i15)   sum(i16)   sum(i17)   sum(i18)   sum(i19)   sum(i20)   sum(i21)   sum(i22)   sum(i23)   sum(i24)   sum(i25)   sum(i26)   sum(i27)   sum(i28)   sum(i29)   sum(i30)   sum(i31)   sum(i32)   sum(i33)   sum(i34)   sum(i35)   sum(i36)   sum(i37)   sum(i38)   sum(i39)   sum(i40)   sum(i41)   sum(i42)   sum(i43)   sum(i44)   sum(i45)   sum(i46)   sum(i47)   sum(i48)   sum(i49)   sum(i50)
         0          0          0          0          0 2.10694e+06         20       8281     380926     380926          0         53          0          0      32064      18351          0          0          0          0          0        581       1068      11686      11686          0          0      49871          0          0          0          0          0          0          0          0          0          0          0          0          0          0          0          0          0          0          0          0          0          0          0          0          0          0          0          0
   1.00366    1039996          0        132         67     958850         19       8281     380926     380926          0         52          0          0      28790      18351          0          0          1          0          0        581       1068       5807       4432         70       1410      47934       1648       2751          0          0          0          0          0          0          0          0          0          0          0          0          0          0          0          0          0        289        522        564          0          0          0          0          0          0
   2.00259    1975818          0        250        126     919667         18       8281     380926     380926          0         51          0          0      29516      18350          0          0          1          1          0        581       1068       4566       2675         29       1358      45338       3615       2118          0          0          0          0          0          0          0          0          0          0          0          0          0          0          0          0          0        918        428        545          0          0          0          0          0          0
   3.00671    2890898          0        365        183     902948         18       8281     380926     380926          0         51          0          0      30191      18350          0          0          1          1          0        581       1068       3865       1753         31        989      43278       5237       1564          0          0          0          0          0          0          0          0          0          0          0          0          0          0          0          0          0       1356        307        449          0          0          0          0          0          0
   4.00665    3791608          0        478        239     894674         17       8281     380926     380926          0         50          0          0      30704      18350          0          0          2          1          0        581       1068       3440       1204          5        734      41816       6362       1145          0          0          0          0          0          0          0          0          0          0          0          0          0          0          0          0          0       1693        212        331          0          0          0          0          0          0
   5.00047    4680964          0        589        294     892202         16       8281     380926     380926          0         49          0          2      31110      18349          0          0          0          2          0        581       1068       3113        821         15        547      40788       7232        779          0          0          0          0          0          0          0          0          0          0          0          0          0          0          0          0          0       1851        173        268          0          0          0          0          0          0
         6    5571890          0        701        348     884103         15       8281     380926     380926          0         48          0          0      31314      18348          0          0          2          3          0        581       1068       2899        600          7        358      40071       7812        610          0          0          0          0          0          0          0          0          0          0          0          0          0          0          0          0          0       1988        135        176          0          0          0          0          0          0
Loop time of 348.228 on 1 procs

Solve time (%) = 1.31688 (0.378165)
Update time (%) = 0 (0)
Comm  time (%) = 7.5646 (2.17231)
Outpt time (%) = 0.7795 (0.223848)
App   time (%) = 338.348 (97.1629)
Other time (%) = 0.218509 (0.062749)
Job Statistics for 6695968:
           JobID       User               Start                 End    Elapsed   TotalCPU      State        NodeList 
---------------- ---------- ------------------- ------------------- ---------- ---------- ---------- --------------- 
         6695968     sxa126 2025-03-17T18:34:19 2025-03-17T18:40:10   00:05:51  05:48.477  COMPLETED   r1pl-hpcf-n21 
   6695968.batch            2025-03-17T18:34:19 2025-03-17T18:40:10   00:05:51  05:48.474  COMPLETED   r1pl-hpcf-n21 
  6695968.extern            2025-03-17T18:34:19 2025-03-17T18:40:10   00:05:51  00:00.002  COMPLETED   r1pl-hpcf-n21 
Requested Resources: billing=1,cpu=1,mem=7455M,node=1
Maximum CPU Memory: 145.76M; 	CPU Efficiency: 99.15% of 00:05:51 core-walltime
