SPPARKS (18 May 2017)
Created box = (0 0 0) to (91 91 1)
  1 by 1 by 1 processor grid
Creating sites ...
  8281 sites
  8281 sites have 6 neighbors
Reading site file ...
  182182 values
Setting site values ...
  8281 settings made for i2
Setting up run ...
Running with 32-bit site IDs
Memory usage per processor = 8 Mbytes
      Time    Naccept    Nreject    Nsweeps        CPU   Propnsty    sum(i1)    sum(i2)    sum(i3)    sum(i4)    sum(i5)    sum(i6)    sum(i7)    sum(i8)    sum(i9)   sum(i10)   sum(i11)   sum(i12)   sum(i13)   sum(i14)   sum(i15)   sum(i16)   sum(i17)   sum(i18)   sum(i19)   sum(i20)   sum(i21)   sum(i22)   sum(i23)   sum(i24)   sum(i25)   sum(i26)   sum(i27)   sum(i28)   sum(i29)   sum(i30)   sum(i31)   sum(i32)   sum(i33)   sum(i34)   sum(i35)   sum(i36)   sum(i37)   sum(i38)   sum(i39)   sum(i40)   sum(i41)   sum(i42)   sum(i43)   sum(i44)   sum(i45)   sum(i46)   sum(i47)   sum(i48)   sum(i49)   sum(i50)
         0          0          0          0          0 1.36237e+06         20       8281     380926     380926          0         53          0          0      32064      18351          0          0          0          0          0        581       1068       4213      11686          0          0      49871          0          0          0          0          0          0          0          0          0          0          0          0          0          0          0          0          0          0          0          0          0          0          0          0          0          0          0          0
   1.00786     991762          0        125       64.4     946679         20       8281     380926     380926          0         53          0          0      30600      18351          0          0          0          0          0        581       1068       1991       8590         28        527      49143        544       1123          0          0          0          0          0          0          0          0          0          0          0          0          0          0          0          0          0        184        341        349          0          0          0          0          0          0
   2.00431    1914059          0        241        123     913627         20       8281     380926     380926          0         53          0          0      30581      18351          0          0          0          0          0        581       1068       1358       7297         34        571      48036       1129       1121          0          0          0          0          0          0          0          0          0          0          0          0          0          0          0          0          0        706        362        466          0          0          0          0          0          0
   3.00229    2814832          0        354        181     894903         18       8281     380926     380926          0         51          0          1      30713      18351          0          0          1          0          0        581       1068       1021       6367         10        569      46969       1603       1010          0          0          0          0          0          0          0          0          0          0          0          0          0          0          0          0          0       1299        340        488          0          0          0          0          0          0
   4.00906    3708151          0        466        237     880903         17       8281     380926     380926          0         50          0          1      30802      18350          0          0          1          1          0        581       1068        777       5609         15        448      45971       2036        937          0          0          0          0          0          0          0          0          0          0          0          0          0          0          0          0          0       1864        323        454          0          0          0          0          0          0
   5.00356    4579543          0        576        292     870217         16       8281     380926     380926          0         49          0          1      30947      18349          0          0          1          2          0        581       1068        610       5029         13        414      45166       2329        847          0          0          0          0          0          0          0          0          0          0          0          0          0          0          0          0          0       2376        267        411          0          0          0          0          0          0
         6    5441664          0        685        346     863432         13       8281     380926     380926          0         46          0          0      31087      18347          0          0          3          3          0        581       1068        498       4504         17        385      44427       2574        738          1          0          0          0          0          0          0          0          0          0          0          0          0          0          0          0          0       2869        233        365          0          0          0          0          0          0
Loop time of 345.608 on 1 procs

Solve time (%) = 1.29019 (0.373311)
Update time (%) = 0 (0)
Comm  time (%) = 7.41812 (2.1464)
Outpt time (%) = 0.774699 (0.224155)
App   time (%) = 335.912 (97.1944)
Other time (%) = 0.213297 (0.0617165)
Job Statistics for 6695787:
           JobID       User               Start                 End    Elapsed   TotalCPU      State        NodeList 
---------------- ---------- ------------------- ------------------- ---------- ---------- ---------- --------------- 
         6695787     sxa126 2025-03-17T16:00:34 2025-03-17T16:06:22   00:05:48  05:45.882  COMPLETED   r1pl-hpcf-n22 
   6695787.batch            2025-03-17T16:00:34 2025-03-17T16:06:22   00:05:48  05:45.880  COMPLETED   r1pl-hpcf-n22 
  6695787.extern            2025-03-17T16:00:34 2025-03-17T16:06:22   00:05:48  00:00.002  COMPLETED   r1pl-hpcf-n22 
Requested Resources: billing=1,cpu=1,mem=7455M,node=1
Maximum CPU Memory: 145.71M; 	CPU Efficiency: 99.43% of 00:05:48 core-walltime
