SPPARKS (18 May 2017)
Created box = (0 0 0) to (91 91 1)
  1 by 1 by 1 processor grid
Creating sites ...
  8281 sites
  8281 sites have 6 neighbors
Reading site file ...
  182182 values
Setting site values ...
  8281 settings made for i2
Setting up run ...
Running with 32-bit site IDs
Memory usage per processor = 8 Mbytes
      Time    Naccept    Nreject    Nsweeps        CPU   Propnsty    sum(i1)    sum(i2)    sum(i3)    sum(i4)    sum(i5)    sum(i6)    sum(i7)    sum(i8)    sum(i9)   sum(i10)   sum(i11)   sum(i12)   sum(i13)   sum(i14)   sum(i15)   sum(i16)   sum(i17)   sum(i18)   sum(i19)   sum(i20)   sum(i21)   sum(i22)   sum(i23)   sum(i24)   sum(i25)   sum(i26)   sum(i27)   sum(i28)   sum(i29)   sum(i30)   sum(i31)   sum(i32)   sum(i33)   sum(i34)   sum(i35)   sum(i36)   sum(i37)   sum(i38)   sum(i39)   sum(i40)   sum(i41)   sum(i42)   sum(i43)   sum(i44)   sum(i45)   sum(i46)   sum(i47)   sum(i48)   sum(i49)   sum(i50)
         0          0          0          0          0 2.0934e+06         20       8281     380926     380926          0         53          0          0      32064      18351          0          0          0          0          0        824        613      11686      11686          0          0      49871          0          0          0          0          0          0          0          0          0          0          0          0          0          0          0          0          0          0          0          0          0          0          0          0          0          0          0          0
   1.00327    1080216          0        136         73     999847         20       8281     380926     380926          0         53          0          0      29032      18351          0          0          0          0          0        824        613       6855       5411         51       1186      48469       1121       2473          0          0          0          0          0          0          0          0          0          0          0          0          0          0          0          0          0        281        559        604          0          0          0          0          0          0
   2.00296    2047630          0        258        137     942116         18       8281     380926     380926          0         51          0          0      29322      18350          0          0          1          1          0        824        613       5312       3119         45       1357      46135       2739       2233          0          0          0          0          0          0          0          0          0          0          0          0          0          0          0          0          0        997        507        689          0          0          0          0          0          0
   3.00085    2976869          0        376        198     920838         17       8281     380926     380926          0         50          0          0      29921      18349          0          0          1          2          0        824        613       4498       2103         23       1110      44064       4321       1734          0          0          0          0          0          0          0          0          0          0          0          0          0          0          0          0          0       1486        406        503          0          0          0          0          0          0
   4.00436    3894881          0        492        258     907888         17       8281     380926     380926          0         50          0          1      30475      18349          0          1          0          1          0        824        613       3935       1412         17        803      42409       5609       1322          0          0          0          0          0          0          0          0          0          0          0          0          0          0          0          0          0       1853        266        404          0          0          0          0          0          0
   5.00074    4797482          0        606        317     902007         17       8281     380926     380926          0         50          0          0      30892      18348          0          2          0          1          0        824        613       3589       1020         10        565      41230       6572        950          0          0          0          0          0          0          0          0          0          0          0          0          0          0          0          0          0       2069        221        279          0          0          0          0          0          0
         6    5697661          0        719        375     899298         16       8281     380926     380926          0         49          0          0      31221      18348          0          1          1          2          0        824        613       3300        728         15        450      40430       7251        670          0          0          0          0          0          0          0          0          0          0          0          0          0          0          0          0          0       2190        170        212          0          0          0          0          0          0
Loop time of 374.966 on 1 procs

Solve time (%) = 1.37858 (0.367653)
Update time (%) = 0 (0)
Comm  time (%) = 8.20378 (2.18787)
Outpt time (%) = 0.819628 (0.218587)
App   time (%) = 364.341 (97.1664)
Other time (%) = 0.223239 (0.0595358)
Job Statistics for 6695648:
           JobID       User               Start                 End    Elapsed   TotalCPU      State        NodeList 
---------------- ---------- ------------------- ------------------- ---------- ---------- ---------- --------------- 
         6695648     sxa126 2025-03-17T15:39:49 2025-03-17T15:46:06   00:06:17  06:15.088  COMPLETED   r1pl-hpcf-n22 
   6695648.batch            2025-03-17T15:39:49 2025-03-17T15:46:06   00:06:17  06:15.086  COMPLETED   r1pl-hpcf-n22 
  6695648.extern            2025-03-17T15:39:49 2025-03-17T15:46:06   00:06:17  00:00.002  COMPLETED   r1pl-hpcf-n22 
Requested Resources: billing=1,cpu=1,mem=7455M,node=1
Maximum CPU Memory: 145.36M; 	CPU Efficiency: 99.47% of 00:06:17 core-walltime
