SPPARKS (18 May 2017)
Created box = (0 0 0) to (91 91 1)
  1 by 1 by 1 processor grid
Creating sites ...
  8281 sites
  8281 sites have 6 neighbors
Reading site file ...
  182182 values
Setting site values ...
  8281 settings made for i2
Setting up run ...
Running with 32-bit site IDs
Memory usage per processor = 8 Mbytes
      Time    Naccept    Nreject    Nsweeps        CPU   Propnsty    sum(i1)    sum(i2)    sum(i3)    sum(i4)    sum(i5)    sum(i6)    sum(i7)    sum(i8)    sum(i9)   sum(i10)   sum(i11)   sum(i12)   sum(i13)   sum(i14)   sum(i15)   sum(i16)   sum(i17)   sum(i18)   sum(i19)   sum(i20)   sum(i21)   sum(i22)   sum(i23)   sum(i24)   sum(i25)   sum(i26)   sum(i27)   sum(i28)   sum(i29)   sum(i30)   sum(i31)   sum(i32)   sum(i33)   sum(i34)   sum(i35)   sum(i36)   sum(i37)   sum(i38)   sum(i39)   sum(i40)   sum(i41)   sum(i42)   sum(i43)   sum(i44)   sum(i45)   sum(i46)   sum(i47)   sum(i48)   sum(i49)   sum(i50)
         0          0          0          0          0 2.0934e+06         20       8281     380926     380926          0         53          0          0      32064      18351          0          0          0          0          0        824        613      11686      11686          0          0      49871          0          0          0          0          0          0          0          0          0          0          0          0          0          0          0          0          0          0          0          0          0          0          0          0          0          0          0          0
   1.00606    1099363          0        138       71.6 1.02457e+06         18       8281     380926     380926          0         51          0          1      29367      18350          0          0          0          1          0        824        613       6809       6809         86       1114      48890        981       2696          0          0          0          0          0          0          0          0          0          0          0          0          0          0          0          0          0          0          0          0          0          0          0          0          0          0
    2.0047    2090535          0        263        135     964075         16       8281     380926     380926          0         49          0          2      29000      18350          0          1          1          0          0        824        613       5279       5279         90       1286      47903       1968       3063          0          0          0          0          0          0          0          0          0          0          0          0          0          0          0          0          0          0          0          0          0          0          0          0          0          0
   3.00097    3035209          0        382        195     932318         16       8281     380926     380926          0         49          0          1      28795      18348          0          1          0          2          0        824        613       4436       4436         88       1439      47415       2456       3267          0          0          0          0          0          0          0          0          0          0          0          0          0          0          0          0          0          0          0          0          0          0          0          0          0          0
   4.00037    3953825          0        498        253     911843         14       8281     380926     380926          0         47          0          0      28642      18347          0          1          2          3          0        824        613       3950       3950         77       1505      47134       2737       3417          0          0          0          0          0          0          0          0          0          0          0          0          0          0          0          0          0          0          0          0          0          0          0          0          0          0
   5.00303    4857234          0        612        309     896248         13       8281     380926     380926          0         46          0          1      28565      18345          0          2          0          4          0        824        613       3607       3607         96       1518      46901       2970       3495          0          0          0          0          0          0          0          0          0          0          0          0          0          0          0          0          0          0          0          0          0          0          0          0          0          0
         6    5744117          0        724        365     888016         12       8281     380926     380926          0         45          0          1      28411      18344          1          3          0          3          0        824        613       3327       3327        106       1548      46816       3055       3650          0          0          0          0          0          0          0          0          0          0          0          0          0          0          0          0          0          0          0          0          0          0          0          0          0          0
Loop time of 364.964 on 1 procs

Solve time (%) = 1.36119 (0.372965)
Update time (%) = 0 (0)
Comm  time (%) = 7.95515 (2.17971)
Outpt time (%) = 0.786914 (0.215614)
App   time (%) = 354.636 (97.17)
Other time (%) = 0.225106 (0.061679)
Job Statistics for 6695792:
           JobID       User               Start                 End    Elapsed   TotalCPU      State        NodeList 
---------------- ---------- ------------------- ------------------- ---------- ---------- ---------- --------------- 
         6695792     sxa126 2025-03-17T16:10:38 2025-03-17T16:16:45   00:06:07  06:05.254  COMPLETED   r1pl-hpcf-n22 
   6695792.batch            2025-03-17T16:10:38 2025-03-17T16:16:45   00:06:07  06:05.251  COMPLETED   r1pl-hpcf-n22 
  6695792.extern            2025-03-17T16:10:38 2025-03-17T16:16:45   00:06:07  00:00.002  COMPLETED   r1pl-hpcf-n22 
Requested Resources: billing=1,cpu=1,mem=7455M,node=1
Maximum CPU Memory: 145.48M; 	CPU Efficiency: 99.46% of 00:06:07 core-walltime
