SPPARKS (18 May 2017)
Created box = (0 0 0) to (91 91 1)
  1 by 1 by 1 processor grid
Creating sites ...
  8281 sites
  8281 sites have 6 neighbors
Reading site file ...
  182182 values
Setting site values ...
  8281 settings made for i2
Setting up run ...
Running with 32-bit site IDs
Memory usage per processor = 6.25 Mbytes
      Time    Naccept    Nreject    Nsweeps        CPU   Propnsty    sum(i1)    sum(i2)    sum(i3)    sum(i4)    sum(i5)    sum(i6)    sum(i7)    sum(i8)    sum(i9)   sum(i10)   sum(i11)   sum(i12)   sum(i13)   sum(i14)   sum(i15)   sum(i16)   sum(i17)   sum(i18)   sum(i19)   sum(i20)   sum(i21)   sum(i22)   sum(i23)   sum(i24)   sum(i25)   sum(i26)   sum(i27)   sum(i28)   sum(i29)   sum(i30)   sum(i31)   sum(i32)   sum(i33)   sum(i34)   sum(i35)
         0          0          0          0          0 2.10694e+06         20       8281     380926     380926          0         53          0          0      32064      18351          0          0          0          0          0        581       1068      11686      11686          0          0      49871          0          0          0          0          0          0          0          0          0          0          0          0          0
   1.00501    1055749          0        134       34.9     982170         19       8281     380926     380926          0         52          0          0      28895      18350          0          0          0          1          0        581       1068       5767       5767         93       1356      48569       1302       3168          0          0          0          0          0          0          0          0          0          0          0
   2.00467    2007700          0        256       65.5     927300         19       8281     380926     380926          0         52          0          0      28709      18350          0          0          0          1          0        581       1068       4480       4480         90       1445      47554       2317       3354          0          0          0          0          0          0          0          0          0          0          0
   3.00508    2923200          0        373       94.8     907173         18       8281     380926     380926          0         51          0          0      28536      18350          0          0          1          1          0        581       1068       3844       3844         83       1499      47137       2734       3526          0          0          0          0          0          0          0          0          0          0          0
   4.00185    3816064          0        486        123     886575         18       8281     380926     380926          0         51          0          0      28470      18349          0          0          0          2          0        581       1068       3364       3364         86       1542      46769       3102       3592          0          0          0          0          0          0          0          0          0          0          0
   5.00076    4695445          0        597        151     877403         18       8281     380926     380926          0         51          0          0      28384      18349          0          0          0          2          0        581       1068       3098       3098        111       1638      46710       3161       3678          0          0          0          0          0          0          0          0          0          0          0
         6    5562621          0        707        178     867324         17       8281     380926     380926          0         50          0          0      28331      18349          0          0          1          2          0        581       1068       2884       2884        113       1702      46614       3257       3730          0          0          0          0          0          0          0          0          0          0          0
Loop time of 178.445 on 1 procs

Solve time (%) = 1.29735 (0.727033)
Update time (%) = 0 (0)
Comm  time (%) = 3.87874 (2.17364)
Outpt time (%) = 0.48863 (0.273828)
App   time (%) = 172.562 (96.7032)
Other time (%) = 0.218283 (0.122326)
Job Statistics for 6695578:
           JobID       User               Start                 End    Elapsed   TotalCPU      State        NodeList 
---------------- ---------- ------------------- ------------------- ---------- ---------- ---------- --------------- 
         6695578     sxa126 2025-03-17T15:02:11 2025-03-17T15:05:12   00:03:01  02:59.131  COMPLETED   r1pl-hpcf-n23 
   6695578.batch            2025-03-17T15:02:11 2025-03-17T15:05:12   00:03:01  02:59.129  COMPLETED   r1pl-hpcf-n23 
  6695578.extern            2025-03-17T15:02:11 2025-03-17T15:05:12   00:03:01  00:00.002  COMPLETED   r1pl-hpcf-n23 
Requested Resources: billing=1,cpu=1,mem=7455M,node=1
Maximum CPU Memory: 150.62M; 	CPU Efficiency: 98.90% of 00:03:01 core-walltime
