SPPARKS (18 May 2017)
Created box = (0 0 0) to (91 91 1)
  1 by 1 by 1 processor grid
Creating sites ...
  8281 sites
  8281 sites have 6 neighbors
Reading site file ...
  182182 values
Setting site values ...
  8281 settings made for i2
Setting up run ...
Running with 32-bit site IDs
Memory usage per processor = 8 Mbytes
      Time    Naccept    Nreject    Nsweeps        CPU   Propnsty    sum(i1)    sum(i2)    sum(i3)    sum(i4)    sum(i5)    sum(i6)    sum(i7)    sum(i8)    sum(i9)   sum(i10)   sum(i11)   sum(i12)   sum(i13)   sum(i14)   sum(i15)   sum(i16)   sum(i17)   sum(i18)   sum(i19)   sum(i20)   sum(i21)   sum(i22)   sum(i23)   sum(i24)   sum(i25)   sum(i26)   sum(i27)   sum(i28)   sum(i29)   sum(i30)   sum(i31)   sum(i32)   sum(i33)   sum(i34)   sum(i35)   sum(i36)   sum(i37)   sum(i38)   sum(i39)   sum(i40)   sum(i41)   sum(i42)   sum(i43)   sum(i44)   sum(i45)   sum(i46)   sum(i47)   sum(i48)   sum(i49)   sum(i50)
         0          0          0          0          0 2.21108e+06         20       8281     380926     380926          0         53          0          0      32064      18351          0          0          0          0          0       8281       8281      11686      11686          0          0      49871          0          0          0          0          0          0          0          0          0          0          0          0          0          0          0          0          0          0          0          0          0          0          0          0          0          0          0          0
   1.00664     815521          0        103       51.5     793540         20       8281     380926     380926          0         53          0          0      28195      18351          0          0          0          0          0       8281       8281       1378        358         42       2341      45127       4379       3546          0          0          0          0          0          0          0          0          0          0          0          0          0          0          0          0          0        365        323        332          0          0          0          0          0          0
   2.00059    1622578          0        203        102     825694         19       8281     380926     380926          0         52          0          0      30067      18351          0          0          1          0          0       8281       8281       1346        173         21       1284      41859       7202       1833          0          0          0          0          0          0          0          0          0          0          0          0          0          0          0          0          0        810        163        200          0          0          0          0          0          0
   3.00922    2463822          0        307        154     841027         19       8281     380926     380926          0         52          0          1      31048      18351          0          0          0          0          0       8281       8281       1318         91          8        723      40119       8704        933          0          0          0          0          0          0          0          0          0          0          0          0          0          0          0          0          0       1048         83         96          0          0          0          0          0          0
   4.00827    3308820          0        411        206     847348         18       8281     380926     380926          0         51          0          1      31490      18350          0          0          0          1          0       8281       8281       1312         51          6        364      39229       9474        530          0          0          0          0          0          0          0          0          0          0          0          0          0          0          0          0          0       1168         43         50          0          0          0          0          0          0
   5.00884    4157357          0        516        258     851256         17       8281     380926     380926          0         50          0          0      31761      18348          0          0          0          2          0       8281       8281       1291         29          7        210      38760       9905        272          1          0          0          0          0          0          0          0          0          0          0          0          0          0          0          0          0       1205         29         28          0          0          0          0          0          0
         6    5001074          0        621        310     852836         17       8281     380926     380926          0         50          0          0      31903      18348          0          0          0          3          0       8281       8281       1307         11          1        125      38499      10113        140          0          0          0          0          0          0          0          0          0          0          0          0          0          0          0          0          0       1259         18         19          0          0          0          0          0          0
Loop time of 309.76 on 1 procs

Solve time (%) = 1.17068 (0.377931)
Update time (%) = 0 (0)
Comm  time (%) = 6.72255 (2.17024)
Outpt time (%) = 0.803505 (0.259396)
App   time (%) = 300.867 (97.1289)
Other time (%) = 0.196714 (0.0635053)
Job Statistics for 6695966:
           JobID       User               Start                 End    Elapsed   TotalCPU      State        NodeList 
---------------- ---------- ------------------- ------------------- ---------- ---------- ---------- --------------- 
         6695966     sxa126 2025-03-17T18:28:30 2025-03-17T18:33:42   00:05:12  05:09.976  COMPLETED   r1pl-hpcf-n21 
   6695966.batch            2025-03-17T18:28:30 2025-03-17T18:33:42   00:05:12  05:09.974  COMPLETED   r1pl-hpcf-n21 
  6695966.extern            2025-03-17T18:28:30 2025-03-17T18:33:42   00:05:12  00:00.002  COMPLETED   r1pl-hpcf-n21 
Requested Resources: billing=1,cpu=1,mem=7455M,node=1
Maximum CPU Memory: 147.29M; 	CPU Efficiency: 99.36% of 00:05:12 core-walltime
